\BOOKMARK [1][-]{section*.4}{Abbildungsverzeichnis}{}% 1
\BOOKMARK [1][-]{section*.5}{Tabellenverzeichnis}{}% 2
\BOOKMARK [1][-]{section*.6}{Listingverzeichnis}{}% 3
\BOOKMARK [1][-]{section*.7}{Abk\374rzungsverzeichnis}{}% 4
\BOOKMARK [1][-]{section.1}{1 Einleitung}{}% 5
\BOOKMARK [1][-]{section.2}{2 Grundlagen}{}% 6
\BOOKMARK [2][-]{subsection.2.1}{2.1 Kompetenzen}{section.2}% 7
\BOOKMARK [2][-]{subsection.2.2}{2.2 Kompetenzframeworks}{section.2}% 8
\BOOKMARK [2][-]{subsection.2.3}{2.3 RDF, Semantic Web Linked Data}{section.2}% 9
\BOOKMARK [3][-]{subsubsection.2.3.1}{2.3.1 Semantic Web}{subsection.2.3}% 10
\BOOKMARK [3][-]{subsubsection.2.3.2}{2.3.2 Linked Data}{subsection.2.3}% 11
\BOOKMARK [3][-]{subsubsection.2.3.3}{2.3.3 RDF}{subsection.2.3}% 12
\BOOKMARK [2][-]{subsection.2.4}{2.4 Graphen}{section.2}% 13
\BOOKMARK [3][-]{subsubsection.2.4.1}{2.4.1 Graphentheorie}{subsection.2.4}% 14
\BOOKMARK [3][-]{subsubsection.2.4.2}{2.4.2 Graphendatenbanken}{subsection.2.4}% 15
\BOOKMARK [3][-]{subsubsection.2.4.3}{2.4.3 Neo4J}{subsection.2.4}% 16
\BOOKMARK [1][-]{section.3}{3 Verwandte Themen und Arbeiten}{}% 17
\BOOKMARK [2][-]{subsection.3.1}{3.1 Openbadge}{section.3}% 18
\BOOKMARK [2][-]{subsection.3.2}{3.2 InLoc}{section.3}% 19
\BOOKMARK [2][-]{subsection.3.3}{3.3 ESCO}{section.3}% 20
\BOOKMARK [2][-]{subsection.3.4}{3.4 GraphGist: Competency Management}{section.3}% 21
\BOOKMARK [2][-]{subsection.3.5}{3.5 GraphGist: Recommendation System Sandbox}{section.3}% 22
\BOOKMARK [2][-]{subsection.3.6}{3.6 RDF Import Neo4J}{section.3}% 23
\BOOKMARK [1][-]{section.4}{4 Analyse und Aufgabenstellung}{}% 24
\BOOKMARK [2][-]{subsection.4.1}{4.1 Anforderungsanalyse}{section.4}% 25
\BOOKMARK [3][-]{subsubsection.4.1.1}{4.1.1 Anforderungen an die Engine}{subsection.4.1}% 26
\BOOKMARK [3][-]{subsubsection.4.1.2}{4.1.2 Anforderungen an die Datenbank}{subsection.4.1}% 27
\BOOKMARK [2][-]{subsection.4.2}{4.2 Aufgabenstellung}{section.4}% 28
\BOOKMARK [1][-]{section.5}{5 Entwurf}{}% 29
\BOOKMARK [2][-]{subsection.5.1}{5.1 Neo4j Instanz\(Api\)}{section.5}% 30
\BOOKMARK [2][-]{subsection.5.2}{5.2 Datenmodel}{section.5}% 31
\BOOKMARK [2][-]{subsection.5.3}{5.3 Anfragen Formulieren}{section.5}% 32
\BOOKMARK [1][-]{section.6}{6 Ausblick}{}% 33
\BOOKMARK [1][-]{section.7}{7 Fazit}{}% 34
\BOOKMARK [1][-]{section.7}{Literaturverzeichnis}{}% 35
\BOOKMARK [1][-]{section*.11}{Anhang}{}% 36
\BOOKMARK [1][-]{section*.12}{Eidesstattliche Erkl\344rung}{}% 37
